# JRE version: OpenJDK Runtime Environment Temurin-21.0.8+9 (21.0.8+9) (build 21.0.8+9-LTS)
# Java VM: OpenJDK 64-Bit Server VM Temurin-21.0.8+9 (21.0.8+9-LTS, mixed mode, sharing, tiered, compressed oops, compressed class ptrs, parallel gc, windows-amd64)
GC Precious Log:
 CardTable entry size: 512
 CPUs: 2 total, 2 available
 Memory: 6060M
 Large Page Support: Disabled
 NUMA Support: Disabled
 Compressed Oops: Enabled (32-bit)
 Alignments: Space 512K, Generation 512K, Heap 2M
 Heap Min Capacity: 100M
 Heap Initial Capacity: 100M
 Heap Max Capacity: 2G
 Pre-touch: Disabled
 Parallel Workers: 2
Heap:
 PSYoungGen      total 3072K, used 382K [0x00000000d5580000, 0x00000000d5a00000, 0x0000000100000000)
  eden space 2560K, 12% used [0x00000000d5580000,0x00000000d55cf9f8,0x00000000d5800000)
  from space 512K, 12% used [0x00000000d5980000,0x00000000d5990000,0x00000000d5a00000)
  to   space 512K, 0% used [0x00000000d5900000,0x00000000d5900000,0x00000000d5980000)
 ParOldGen       total 160256K, used 160119K [0x0000000080000000, 0x0000000089c80000, 0x00000000d5580000)
  object space 160256K, 99% used [0x0000000080000000,0x0000000089c5dc68,0x0000000089c80000)
 Metaspace       used 93700K, committed 95488K, reserved 1179648K
  class space    used 9371K, committed 10176K, reserved 1048576K
GC Heap History (20 events):
Event: 30491.193 GC heap before
{Heap before GC invocations=2158 (full 6):
 PSYoungGen      total 3584K, used 3514K [0x00000000d5580000, 0x00000000d5b00000, 0x0000000100000000)
  eden space 3072K, 100% used [0x00000000d5580000,0x00000000d5880000,0x00000000d5880000)
  from space 512K, 86% used [0x00000000d5a80000,0x00000000d5aee920,0x00000000d5b00000)
  to   space 1024K, 0% used [0x00000000d5900000,0x00000000d5900000,0x00000000d5a00000)
 ParOldGen       total 153600K, used 153299K [0x0000000080000000, 0x0000000089600000, 0x00000000d5580000)
  object space 153600K, 99% used [0x0000000080000000,0x00000000895b4d78,0x0000000089600000)
 Metaspace       used 93696K, committed 95488K, reserved 1179648K
  class space    used 9371K, committed 10176K, reserved 1048576K
}
Event: 30491.194 GC heap after
{Heap after GC invocations=2158 (full 6):
 PSYoungGen      total 4096K, used 218K [0x00000000d5580000, 0x00000000d5b00000, 0x0000000100000000)
  eden space 3072K, 0% used [0x00000000d5580000,0x00000000d5580000,0x00000000d5880000)
  from space 1024K, 21% used [0x00000000d5900000,0x00000000d5936900,0x00000000d5a00000)
  to   space 512K, 0% used [0x00000000d5a80000,0x00000000d5a80000,0x00000000d5b00000)
 ParOldGen       total 153600K, used 153379K [0x0000000080000000, 0x0000000089600000, 0x00000000d5580000)
  object space 153600K, 99% used [0x0000000080000000,0x00000000895c8d98,0x0000000089600000)
 Metaspace       used 93696K, committed 95488K, reserved 1179648K
  class space    used 9371K, committed 10176K, reserved 1048576K
}
Event: 30491.201 GC heap before
{Heap before GC invocations=2159 (full 6):
 PSYoungGen      total 4096K, used 3290K [0x00000000d5580000, 0x00000000d5b00000, 0x0000000100000000)
  eden space 3072K, 100% used [0x00000000d5580000,0x00000000d5880000,0x00000000d5880000)
  from space 1024K, 21% used [0x00000000d5900000,0x00000000d5936900,0x00000000d5a00000)
  to   space 512K, 0% used [0x00000000d5a80000,0x00000000d5a80000,0x00000000d5b00000)
 ParOldGen       total 153600K, used 153379K [0x0000000080000000, 0x0000000089600000, 0x00000000d5580000)
  object space 153600K, 99% used [0x0000000080000000,0x00000000895c8d98,0x0000000089600000)
 Metaspace       used 93696K, committed 95488K, reserved 1179648K
  class space    used 9371K, committed 10176K, reserved 1048576K
}
Event: 30491.202 GC heap after
{Heap after GC invocations=2159 (full 6):
 PSYoungGen      total 2560K, used 488K [0x00000000d5580000, 0x00000000d5e80000, 0x0000000100000000)
  eden space 2048K, 0% used [0x00000000d5580000,0x00000000d5580000,0x00000000d5780000)
  from space 512K, 95% used [0x00000000d5a80000,0x00000000d5afa100,0x00000000d5b00000)
  to   space 3072K, 0% used [0x00000000d5780000,0x00000000d5780000,0x00000000d5a80000)
 ParOldGen       total 155648K, used 155520K [0x0000000080000000, 0x0000000089800000, 0x00000000d5580000)
  object space 155648K, 99% used [0x0000000080000000,0x00000000897e0260,0x0000000089800000)
 Metaspace       used 93696K, committed 95488K, reserved 1179648K
  class space    used 9371K, committed 10176K, reserved 1048576K
}
Event: 30491.208 GC heap before
{Heap before GC invocations=2160 (full 6):
 PSYoungGen      total 2560K, used 2313K [0x00000000d5580000, 0x00000000d5e80000, 0x0000000100000000)
  eden space 2048K, 89% used [0x00000000d5580000,0x00000000d5748548,0x00000000d5780000)
  from space 512K, 95% used [0x00000000d5a80000,0x00000000d5afa100,0x00000000d5b00000)
  to   space 3072K, 0% used [0x00000000d5780000,0x00000000d5780000,0x00000000d5a80000)
 ParOldGen       total 155648K, used 155520K [0x0000000080000000, 0x0000000089800000, 0x00000000d5580000)
  object space 155648K, 99% used [0x0000000080000000,0x00000000897e0260,0x0000000089800000)
 Metaspace       used 93696K, committed 95488K, reserved 1179648K
  class space    used 9371K, committed 10176K, reserved 1048576K
}
Event: 30491.209 GC heap after
{Heap after GC invocations=2160 (full 6):
 PSYoungGen      total 3584K, used 1411K [0x00000000d5580000, 0x00000000d5b80000, 0x0000000100000000)
  eden space 2048K, 0% used [0x00000000d5580000,0x00000000d5580000,0x00000000d5780000)
  from space 1536K, 91% used [0x00000000d5780000,0x00000000d58e0c10,0x00000000d5900000)
  to   space 2048K, 0% used [0x00000000d5980000,0x00000000d5980000,0x00000000d5b80000)
 ParOldGen       total 156160K, used 155990K [0x0000000080000000, 0x0000000089880000, 0x00000000d5580000)
  object space 156160K, 99% used [0x0000000080000000,0x00000000898558d8,0x0000000089880000)
 Metaspace       used 93696K, committed 95488K, reserved 1179648K
  class space    used 9371K, committed 10176K, reserved 1048576K
}
Event: 30491.213 GC heap before
{Heap before GC invocations=2161 (full 6):
 PSYoungGen      total 3584K, used 3368K [0x00000000d5580000, 0x00000000d5b80000, 0x0000000100000000)
  eden space 2048K, 95% used [0x00000000d5580000,0x00000000d57697e0,0x00000000d5780000)
  from space 1536K, 91% used [0x00000000d5780000,0x00000000d58e0c10,0x00000000d5900000)
  to   space 2048K, 0% used [0x00000000d5980000,0x00000000d5980000,0x00000000d5b80000)
 ParOldGen       total 156160K, used 155990K [0x0000000080000000, 0x0000000089880000, 0x00000000d5580000)
  object space 156160K, 99% used [0x0000000080000000,0x00000000898558d8,0x0000000089880000)
 Metaspace       used 93696K, committed 95488K, reserved 1179648K
  class space    used 9371K, committed 10176K, reserved 1048576K
}
Event: 30491.214 GC heap after
{Heap after GC invocations=2161 (full 6):
 PSYoungGen      total 4096K, used 1607K [0x00000000d5580000, 0x00000000d5b80000, 0x0000000100000000)
  eden space 2048K, 0% used [0x00000000d5580000,0x00000000d5580000,0x00000000d5780000)
  from space 2048K, 78% used [0x00000000d5980000,0x00000000d5b11e90,0x00000000d5b80000)
  to   space 2048K, 0% used [0x00000000d5780000,0x00000000d5780000,0x00000000d5980000)
 ParOldGen       total 157696K, used 157363K [0x0000000080000000, 0x0000000089a00000, 0x00000000d5580000)
  object space 157696K, 99% used [0x0000000080000000,0x00000000899accd0,0x0000000089a00000)
 Metaspace       used 93696K, committed 95488K, reserved 1179648K
  class space    used 9371K, committed 10176K, reserved 1048576K
}
Event: 30491.219 GC heap before
{Heap before GC invocations=2162 (full 6):
 PSYoungGen      total 4096K, used 3655K [0x00000000d5580000, 0x00000000d5b80000, 0x0000000100000000)
  eden space 2048K, 100% used [0x00000000d5580000,0x00000000d5780000,0x00000000d5780000)
  from space 2048K, 78% used [0x00000000d5980000,0x00000000d5b11e90,0x00000000d5b80000)
  to   space 2048K, 0% used [0x00000000d5780000,0x00000000d5780000,0x00000000d5980000)
 ParOldGen       total 157696K, used 157363K [0x0000000080000000, 0x0000000089a00000, 0x00000000d5580000)
  object space 157696K, 99% used [0x0000000080000000,0x00000000899accd0,0x0000000089a00000)
 Metaspace       used 93698K, committed 95488K, reserved 1179648K
  class space    used 9371K, committed 10176K, reserved 1048576K
}
Event: 30491.220 GC heap after
{Heap after GC invocations=2162 (full 6):
 PSYoungGen      total 4096K, used 1536K [0x00000000d5580000, 0x00000000d5c00000, 0x0000000100000000)
  eden space 2048K, 0% used [0x00000000d5580000,0x00000000d5580000,0x00000000d5780000)
  from space 2048K, 75% used [0x00000000d5780000,0x00000000d59003c8,0x00000000d5980000)
  to   space 2048K, 0% used [0x00000000d5a00000,0x00000000d5a00000,0x00000000d5c00000)
 ParOldGen       total 159232K, used 158939K [0x0000000080000000, 0x0000000089b80000, 0x00000000d5580000)
  object space 159232K, 99% used [0x0000000080000000,0x0000000089b36d20,0x0000000089b80000)
 Metaspace       used 93698K, committed 95488K, reserved 1179648K
  class space    used 9371K, committed 10176K, reserved 1048576K
}
Event: 30491.228 GC heap before
{Heap before GC invocations=2163 (full 6):
 PSYoungGen      total 4096K, used 3584K [0x00000000d5580000, 0x00000000d5c00000, 0x0000000100000000)
  eden space 2048K, 100% used [0x00000000d5580000,0x00000000d5780000,0x00000000d5780000)
  from space 2048K, 75% used [0x00000000d5780000,0x00000000d59003c8,0x00000000d5980000)
  to   space 2048K, 0% used [0x00000000d5a00000,0x00000000d5a00000,0x00000000d5c00000)
 ParOldGen       total 159232K, used 158939K [0x0000000080000000, 0x0000000089b80000, 0x00000000d5580000)
  object space 159232K, 99% used [0x0000000080000000,0x0000000089b36d20,0x0000000089b80000)
 Metaspace       used 93698K, committed 95488K, reserved 1179648K
  class space    used 9371K, committed 10176K, reserved 1048576K
}
Event: 30491.230 GC heap after
{Heap after GC invocations=2163 (full 6):
 PSYoungGen      total 3072K, used 602K [0x00000000d5580000, 0x00000000d5b00000, 0x0000000100000000)
  eden space 2048K, 0% used [0x00000000d5580000,0x00000000d5580000,0x00000000d5780000)
  from space 1024K, 58% used [0x00000000d5a00000,0x00000000d5a96920,0x00000000d5b00000)
  to   space 1024K, 0% used [0x00000000d5900000,0x00000000d5900000,0x00000000d5a00000)
 ParOldGen       total 159744K, used 159569K [0x0000000080000000, 0x0000000089c00000, 0x00000000d5580000)
  object space 159744K, 99% used [0x0000000080000000,0x0000000089bd45f0,0x0000000089c00000)
 Metaspace       used 93698K, committed 95488K, reserved 1179648K
  class space    used 9371K, committed 10176K, reserved 1048576K
}
Event: 30491.232 GC heap before
{Heap before GC invocations=2164 (full 6):
 PSYoungGen      total 3072K, used 2650K [0x00000000d5580000, 0x00000000d5b00000, 0x0000000100000000)
  eden space 2048K, 100% used [0x00000000d5580000,0x00000000d5780000,0x00000000d5780000)
  from space 1024K, 58% used [0x00000000d5a00000,0x00000000d5a96920,0x00000000d5b00000)
  to   space 1024K, 0% used [0x00000000d5900000,0x00000000d5900000,0x00000000d5a00000)
 ParOldGen       total 159744K, used 159569K [0x0000000080000000, 0x0000000089c00000, 0x00000000d5580000)
  object space 159744K, 99% used [0x0000000080000000,0x0000000089bd45f0,0x0000000089c00000)
 Metaspace       used 93698K, committed 95488K, reserved 1179648K
  class space    used 9371K, committed 10176K, reserved 1048576K
}
Event: 30491.234 GC heap after
{Heap after GC invocations=2164 (full 6):
 PSYoungGen      total 3072K, used 416K [0x00000000d5580000, 0x00000000d5a80000, 0x0000000100000000)
  eden space 2560K, 0% used [0x00000000d5580000,0x00000000d5580000,0x00000000d5800000)
  from space 512K, 81% used [0x00000000d5900000,0x00000000d5968000,0x00000000d5980000)
  to   space 1024K, 0% used [0x00000000d5980000,0x00000000d5980000,0x00000000d5a80000)
 ParOldGen       total 160256K, used 160071K [0x0000000080000000, 0x0000000089c80000, 0x00000000d5580000)
  object space 160256K, 99% used [0x0000000080000000,0x0000000089c51c68,0x0000000089c80000)
 Metaspace       used 93698K, committed 95488K, reserved 1179648K
  class space    used 9371K, committed 10176K, reserved 1048576K
}
Event: 30493.852 GC heap before
{Heap before GC invocations=2165 (full 6):
 PSYoungGen      total 3072K, used 2976K [0x00000000d5580000, 0x00000000d5a80000, 0x0000000100000000)
  eden space 2560K, 100% used [0x00000000d5580000,0x00000000d5800000,0x00000000d5800000)
  from space 512K, 81% used [0x00000000d5900000,0x00000000d5968000,0x00000000d5980000)
  to   space 1024K, 0% used [0x00000000d5980000,0x00000000d5980000,0x00000000d5a80000)
 ParOldGen       total 160256K, used 160071K [0x0000000080000000, 0x0000000089c80000, 0x00000000d5580000)
  object space 160256K, 99% used [0x0000000080000000,0x0000000089c51c68,0x0000000089c80000)
 Metaspace       used 93698K, committed 95488K, reserved 1179648K
  class space    used 9371K, committed 10176K, reserved 1048576K
}
Event: 30493.853 GC heap after
{Heap after GC invocations=2165 (full 6):
 PSYoungGen      total 3072K, used 436K [0x00000000d5580000, 0x00000000d5a00000, 0x0000000100000000)
  eden space 2560K, 0% used [0x00000000d5580000,0x00000000d5580000,0x00000000d5800000)
  from space 512K, 85% used [0x00000000d5980000,0x00000000d59ed220,0x00000000d5a00000)
  to   space 512K, 0% used [0x00000000d5900000,0x00000000d5900000,0x00000000d5980000)
 ParOldGen       total 160256K, used 160087K [0x0000000080000000, 0x0000000089c80000, 0x00000000d5580000)
  object space 160256K, 99% used [0x0000000080000000,0x0000000089c55c68,0x0000000089c80000)
 Metaspace       used 93698K, committed 95488K, reserved 1179648K
  class space    used 9371K, committed 10176K, reserved 1048576K
}
Event: 30493.858 GC heap before
{Heap before GC invocations=2166 (full 6):
 PSYoungGen      total 3072K, used 2996K [0x00000000d5580000, 0x00000000d5a00000, 0x0000000100000000)
  eden space 2560K, 100% used [0x00000000d5580000,0x00000000d5800000,0x00000000d5800000)
  from space 512K, 85% used [0x00000000d5980000,0x00000000d59ed220,0x00000000d5a00000)
  to   space 512K, 0% used [0x00000000d5900000,0x00000000d5900000,0x00000000d5980000)
 ParOldGen       total 160256K, used 160087K [0x0000000080000000, 0x0000000089c80000, 0x00000000d5580000)
  object space 160256K, 99% used [0x0000000080000000,0x0000000089c55c68,0x0000000089c80000)
 Metaspace       used 93698K, committed 95488K, reserved 1179648K
  class space    used 9371K, committed 10176K, reserved 1048576K
}
Event: 30493.859 GC heap after
{Heap after GC invocations=2166 (full 6):
 PSYoungGen      total 3072K, used 282K [0x00000000d5580000, 0x00000000d5a00000, 0x0000000100000000)
  eden space 2560K, 0% used [0x00000000d5580000,0x00000000d5580000,0x00000000d5800000)
  from space 512K, 55% used [0x00000000d5900000,0x00000000d5946920,0x00000000d5980000)
  to   space 512K, 0% used [0x00000000d5980000,0x00000000d5980000,0x00000000d5a00000)
 ParOldGen       total 160256K, used 160103K [0x0000000080000000, 0x0000000089c80000, 0x00000000d5580000)
  object space 160256K, 99% used [0x0000000080000000,0x0000000089c59c68,0x0000000089c80000)
 Metaspace       used 93698K, committed 95488K, reserved 1179648K
  class space    used 9371K, committed 10176K, reserved 1048576K
}
Event: 48831.555 GC heap before
{Heap before GC invocations=2167 (full 6):
 PSYoungGen      total 3072K, used 2842K [0x00000000d5580000, 0x00000000d5a00000, 0x0000000100000000)
  eden space 2560K, 99% used [0x00000000d5580000,0x00000000d57fffe8,0x00000000d5800000)
  from space 512K, 55% used [0x00000000d5900000,0x00000000d5946920,0x00000000d5980000)
  to   space 512K, 0% used [0x00000000d5980000,0x00000000d5980000,0x00000000d5a00000)
 ParOldGen       total 160256K, used 160103K [0x0000000080000000, 0x0000000089c80000, 0x00000000d5580000)
  object space 160256K, 99% used [0x0000000080000000,0x0000000089c59c68,0x0000000089c80000)
 Metaspace       used 93698K, committed 95488K, reserved 1179648K
  class space    used 9371K, committed 10176K, reserved 1048576K
}
Event: 48831.558 GC heap after
{Heap after GC invocations=2167 (full 6):
 PSYoungGen      total 3072K, used 64K [0x00000000d5580000, 0x00000000d5a00000, 0x0000000100000000)
  eden space 2560K, 0% used [0x00000000d5580000,0x00000000d5580000,0x00000000d5800000)
  from space 512K, 12% used [0x00000000d5980000,0x00000000d5990000,0x00000000d5a00000)
  to   space 512K, 0% used [0x00000000d5900000,0x00000000d5900000,0x00000000d5980000)
 ParOldGen       total 160256K, used 160119K [0x0000000080000000, 0x0000000089c80000, 0x00000000d5580000)
  object space 160256K, 99% used [0x0000000080000000,0x0000000089c5dc68,0x0000000089c80000)
 Metaspace       used 93698K, committed 95488K, reserved 1179648K
  class space    used 9371K, committed 10176K, reserved 1048576K
}

