# JRE version: OpenJDK Runtime Environment Temurin-21.0.8+9 (21.0.8+9) (build 21.0.8+9-LTS)
# Java VM: OpenJDK 64-Bit Server VM Temurin-21.0.8+9 (21.0.8+9-LTS, mixed mode, sharing, tiered, compressed oops, compressed class ptrs, parallel gc, windows-amd64)
GC Precious Log:
 CardTable entry size: 512
 CPUs: 2 total, 2 available
 Memory: 6060M
 Large Page Support: Disabled
 NUMA Support: Disabled
 Compressed Oops: Enabled (32-bit)
 Alignments: Space 512K, Generation 512K, Heap 2M
 Heap Min Capacity: 100M
 Heap Initial Capacity: 100M
 Heap Max Capacity: 2G
 Pre-touch: Disabled
 Parallel Workers: 2
Heap:
 PSYoungGen      total 22016K, used 17364K [0x00000000d5580000, 0x00000000d6d00000, 0x0000000100000000)
  eden space 20992K, 78% used [0x00000000d5580000,0x00000000d6592d78,0x00000000d6a00000)
  from space 1024K, 88% used [0x00000000d6c00000,0x00000000d6ce2540,0x00000000d6d00000)
  to   space 1536K, 0% used [0x00000000d6a00000,0x00000000d6a00000,0x00000000d6b80000)
 ParOldGen       total 68608K, used 29221K [0x0000000080000000, 0x0000000084300000, 0x00000000d5580000)
  object space 68608K, 42% used [0x0000000080000000,0x0000000081c896a8,0x0000000084300000)
 Metaspace       used 37634K, committed 38592K, reserved 1114112K
  class space    used 3795K, committed 4224K, reserved 1048576K
GC Heap History (20 events):
Event: 10.633 GC heap before
{Heap before GC invocations=13 (full 1):
 PSYoungGen      total 24064K, used 24000K [0x00000000d5580000, 0x00000000d7180000, 0x0000000100000000)
  eden space 22016K, 100% used [0x00000000d5580000,0x00000000d6b00000,0x00000000d6b00000)
  from space 2048K, 96% used [0x00000000d6c00000,0x00000000d6df0010,0x00000000d6e00000)
  to   space 2560K, 0% used [0x00000000d6f00000,0x00000000d6f00000,0x00000000d7180000)
 ParOldGen       total 68608K, used 16079K [0x0000000080000000, 0x0000000084300000, 0x00000000d5580000)
  object space 68608K, 23% used [0x0000000080000000,0x0000000080fb3ed0,0x0000000084300000)
 Metaspace       used 32065K, committed 32960K, reserved 1114112K
  class space    used 3234K, committed 3648K, reserved 1048576K
}
Event: 10.640 GC heap after
{Heap after GC invocations=13 (full 1):
 PSYoungGen      total 24576K, used 2338K [0x00000000d5580000, 0x00000000d7180000, 0x0000000100000000)
  eden space 22016K, 0% used [0x00000000d5580000,0x00000000d5580000,0x00000000d6b00000)
  from space 2560K, 91% used [0x00000000d6f00000,0x00000000d7148820,0x00000000d7180000)
  to   space 2560K, 0% used [0x00000000d6c80000,0x00000000d6c80000,0x00000000d6f00000)
 ParOldGen       total 68608K, used 17975K [0x0000000080000000, 0x0000000084300000, 0x00000000d5580000)
  object space 68608K, 26% used [0x0000000080000000,0x000000008118ded0,0x0000000084300000)
 Metaspace       used 32065K, committed 32960K, reserved 1114112K
  class space    used 3234K, committed 3648K, reserved 1048576K
}
Event: 10.758 GC heap before
{Heap before GC invocations=14 (full 1):
 PSYoungGen      total 24576K, used 24354K [0x00000000d5580000, 0x00000000d7180000, 0x0000000100000000)
  eden space 22016K, 100% used [0x00000000d5580000,0x00000000d6b00000,0x00000000d6b00000)
  from space 2560K, 91% used [0x00000000d6f00000,0x00000000d7148820,0x00000000d7180000)
  to   space 2560K, 0% used [0x00000000d6c80000,0x00000000d6c80000,0x00000000d6f00000)
 ParOldGen       total 68608K, used 17975K [0x0000000080000000, 0x0000000084300000, 0x00000000d5580000)
  object space 68608K, 26% used [0x0000000080000000,0x000000008118ded0,0x0000000084300000)
 Metaspace       used 32080K, committed 32960K, reserved 1114112K
  class space    used 3234K, committed 3648K, reserved 1048576K
}
Event: 10.764 GC heap after
{Heap after GC invocations=14 (full 1):
 PSYoungGen      total 24064K, used 1984K [0x00000000d5580000, 0x00000000d7000000, 0x0000000100000000)
  eden space 22016K, 0% used [0x00000000d5580000,0x00000000d5580000,0x00000000d6b00000)
  from space 2048K, 96% used [0x00000000d6c80000,0x00000000d6e70000,0x00000000d6e80000)
  to   space 1536K, 0% used [0x00000000d6e80000,0x00000000d6e80000,0x00000000d7000000)
 ParOldGen       total 68608K, used 20222K [0x0000000080000000, 0x0000000084300000, 0x00000000d5580000)
  object space 68608K, 29% used [0x0000000080000000,0x00000000813bf870,0x0000000084300000)
 Metaspace       used 32080K, committed 32960K, reserved 1114112K
  class space    used 3234K, committed 3648K, reserved 1048576K
}
Event: 10.888 GC heap before
{Heap before GC invocations=15 (full 1):
 PSYoungGen      total 24064K, used 24000K [0x00000000d5580000, 0x00000000d7000000, 0x0000000100000000)
  eden space 22016K, 100% used [0x00000000d5580000,0x00000000d6b00000,0x00000000d6b00000)
  from space 2048K, 96% used [0x00000000d6c80000,0x00000000d6e70000,0x00000000d6e80000)
  to   space 1536K, 0% used [0x00000000d6e80000,0x00000000d6e80000,0x00000000d7000000)
 ParOldGen       total 68608K, used 20222K [0x0000000080000000, 0x0000000084300000, 0x00000000d5580000)
  object space 68608K, 29% used [0x0000000080000000,0x00000000813bf870,0x0000000084300000)
 Metaspace       used 32084K, committed 32960K, reserved 1114112K
  class space    used 3234K, committed 3648K, reserved 1048576K
}
Event: 10.894 GC heap after
{Heap after GC invocations=15 (full 1):
 PSYoungGen      total 22528K, used 1508K [0x00000000d5580000, 0x00000000d7400000, 0x0000000100000000)
  eden space 20992K, 0% used [0x00000000d5580000,0x00000000d5580000,0x00000000d6a00000)
  from space 1536K, 98% used [0x00000000d6e80000,0x00000000d6ff9000,0x00000000d7000000)
  to   space 4608K, 0% used [0x00000000d6a00000,0x00000000d6a00000,0x00000000d6e80000)
 ParOldGen       total 68608K, used 22654K [0x0000000080000000, 0x0000000084300000, 0x00000000d5580000)
  object space 68608K, 33% used [0x0000000080000000,0x000000008161fa38,0x0000000084300000)
 Metaspace       used 32084K, committed 32960K, reserved 1114112K
  class space    used 3234K, committed 3648K, reserved 1048576K
}
Event: 11.056 GC heap before
{Heap before GC invocations=16 (full 1):
 PSYoungGen      total 22528K, used 22500K [0x00000000d5580000, 0x00000000d7400000, 0x0000000100000000)
  eden space 20992K, 100% used [0x00000000d5580000,0x00000000d6a00000,0x00000000d6a00000)
  from space 1536K, 98% used [0x00000000d6e80000,0x00000000d6ff9000,0x00000000d7000000)
  to   space 4608K, 0% used [0x00000000d6a00000,0x00000000d6a00000,0x00000000d6e80000)
 ParOldGen       total 68608K, used 22654K [0x0000000080000000, 0x0000000084300000, 0x00000000d5580000)
  object space 68608K, 33% used [0x0000000080000000,0x000000008161fa38,0x0000000084300000)
 Metaspace       used 32137K, committed 33024K, reserved 1114112K
  class space    used 3237K, committed 3648K, reserved 1048576K
}
Event: 11.061 GC heap after
{Heap after GC invocations=16 (full 1):
 PSYoungGen      total 23040K, used 2016K [0x00000000d5580000, 0x00000000d7000000, 0x0000000100000000)
  eden space 20992K, 0% used [0x00000000d5580000,0x00000000d5580000,0x00000000d6a00000)
  from space 2048K, 98% used [0x00000000d6a00000,0x00000000d6bf8010,0x00000000d6c00000)
  to   space 3072K, 0% used [0x00000000d6d00000,0x00000000d6d00000,0x00000000d7000000)
 ParOldGen       total 68608K, used 24178K [0x0000000080000000, 0x0000000084300000, 0x00000000d5580000)
  object space 68608K, 35% used [0x0000000080000000,0x000000008179ca38,0x0000000084300000)
 Metaspace       used 32137K, committed 33024K, reserved 1114112K
  class space    used 3237K, committed 3648K, reserved 1048576K
}
Event: 11.171 GC heap before
{Heap before GC invocations=17 (full 1):
 PSYoungGen      total 23040K, used 23008K [0x00000000d5580000, 0x00000000d7000000, 0x0000000100000000)
  eden space 20992K, 100% used [0x00000000d5580000,0x00000000d6a00000,0x00000000d6a00000)
  from space 2048K, 98% used [0x00000000d6a00000,0x00000000d6bf8010,0x00000000d6c00000)
  to   space 3072K, 0% used [0x00000000d6d00000,0x00000000d6d00000,0x00000000d7000000)
 ParOldGen       total 68608K, used 24178K [0x0000000080000000, 0x0000000084300000, 0x00000000d5580000)
  object space 68608K, 35% used [0x0000000080000000,0x000000008179ca38,0x0000000084300000)
 Metaspace       used 32218K, committed 33088K, reserved 1114112K
  class space    used 3238K, committed 3648K, reserved 1048576K
}
Event: 11.176 GC heap after
{Heap after GC invocations=17 (full 1):
 PSYoungGen      total 23040K, used 1752K [0x00000000d5580000, 0x00000000d6f00000, 0x0000000100000000)
  eden space 20992K, 0% used [0x00000000d5580000,0x00000000d5580000,0x00000000d6a00000)
  from space 2048K, 85% used [0x00000000d6d00000,0x00000000d6eb6200,0x00000000d6f00000)
  to   space 2048K, 0% used [0x00000000d6a00000,0x00000000d6a00000,0x00000000d6c00000)
 ParOldGen       total 68608K, used 26186K [0x0000000080000000, 0x0000000084300000, 0x00000000d5580000)
  object space 68608K, 38% used [0x0000000080000000,0x0000000081992a48,0x0000000084300000)
 Metaspace       used 32218K, committed 33088K, reserved 1114112K
  class space    used 3238K, committed 3648K, reserved 1048576K
}
Event: 11.859 GC heap before
{Heap before GC invocations=18 (full 1):
 PSYoungGen      total 23040K, used 22744K [0x00000000d5580000, 0x00000000d6f00000, 0x0000000100000000)
  eden space 20992K, 100% used [0x00000000d5580000,0x00000000d6a00000,0x00000000d6a00000)
  from space 2048K, 85% used [0x00000000d6d00000,0x00000000d6eb6200,0x00000000d6f00000)
  to   space 2048K, 0% used [0x00000000d6a00000,0x00000000d6a00000,0x00000000d6c00000)
 ParOldGen       total 68608K, used 26186K [0x0000000080000000, 0x0000000084300000, 0x00000000d5580000)
  object space 68608K, 38% used [0x0000000080000000,0x0000000081992a48,0x0000000084300000)
 Metaspace       used 34589K, committed 35520K, reserved 1114112K
  class space    used 3510K, committed 3968K, reserved 1048576K
}
Event: 11.863 GC heap after
{Heap after GC invocations=18 (full 1):
 PSYoungGen      total 23040K, used 724K [0x00000000d5580000, 0x00000000d6d80000, 0x0000000100000000)
  eden space 20992K, 0% used [0x00000000d5580000,0x00000000d5580000,0x00000000d6a00000)
  from space 2048K, 35% used [0x00000000d6a00000,0x00000000d6ab53c8,0x00000000d6c00000)
  to   space 1536K, 0% used [0x00000000d6c00000,0x00000000d6c00000,0x00000000d6d80000)
 ParOldGen       total 68608K, used 27923K [0x0000000080000000, 0x0000000084300000, 0x00000000d5580000)
  object space 68608K, 40% used [0x0000000080000000,0x0000000081b44fc0,0x0000000084300000)
 Metaspace       used 34589K, committed 35520K, reserved 1114112K
  class space    used 3510K, committed 3968K, reserved 1048576K
}
Event: 12.007 GC heap before
{Heap before GC invocations=19 (full 1):
 PSYoungGen      total 23040K, used 8265K [0x00000000d5580000, 0x00000000d6d80000, 0x0000000100000000)
  eden space 20992K, 35% used [0x00000000d5580000,0x00000000d5cdd038,0x00000000d6a00000)
  from space 2048K, 35% used [0x00000000d6a00000,0x00000000d6ab53c8,0x00000000d6c00000)
  to   space 1536K, 0% used [0x00000000d6c00000,0x00000000d6c00000,0x00000000d6d80000)
 ParOldGen       total 68608K, used 27923K [0x0000000080000000, 0x0000000084300000, 0x00000000d5580000)
  object space 68608K, 40% used [0x0000000080000000,0x0000000081b44fc0,0x0000000084300000)
 Metaspace       used 34948K, committed 35840K, reserved 1114112K
  class space    used 3550K, committed 3968K, reserved 1048576K
}
Event: 12.010 GC heap after
{Heap after GC invocations=19 (full 1):
 PSYoungGen      total 21504K, used 256K [0x00000000d5580000, 0x00000000d6c80000, 0x0000000100000000)
  eden space 20992K, 0% used [0x00000000d5580000,0x00000000d5580000,0x00000000d6a00000)
  from space 512K, 50% used [0x00000000d6c00000,0x00000000d6c40010,0x00000000d6c80000)
  to   space 512K, 0% used [0x00000000d6b80000,0x00000000d6b80000,0x00000000d6c00000)
 ParOldGen       total 68608K, used 28577K [0x0000000080000000, 0x0000000084300000, 0x00000000d5580000)
  object space 68608K, 41% used [0x0000000080000000,0x0000000081be87c0,0x0000000084300000)
 Metaspace       used 34948K, committed 35840K, reserved 1114112K
  class space    used 3550K, committed 3968K, reserved 1048576K
}
Event: 12.010 GC heap before
{Heap before GC invocations=20 (full 2):
 PSYoungGen      total 21504K, used 256K [0x00000000d5580000, 0x00000000d6c80000, 0x0000000100000000)
  eden space 20992K, 0% used [0x00000000d5580000,0x00000000d5580000,0x00000000d6a00000)
  from space 512K, 50% used [0x00000000d6c00000,0x00000000d6c40010,0x00000000d6c80000)
  to   space 512K, 0% used [0x00000000d6b80000,0x00000000d6b80000,0x00000000d6c00000)
 ParOldGen       total 68608K, used 28577K [0x0000000080000000, 0x0000000084300000, 0x00000000d5580000)
  object space 68608K, 41% used [0x0000000080000000,0x0000000081be87c0,0x0000000084300000)
 Metaspace       used 34948K, committed 35840K, reserved 1114112K
  class space    used 3550K, committed 3968K, reserved 1048576K
}
Event: 12.083 GC heap after
{Heap after GC invocations=20 (full 2):
 PSYoungGen      total 21504K, used 0K [0x00000000d5580000, 0x00000000d6c80000, 0x0000000100000000)
  eden space 20992K, 0% used [0x00000000d5580000,0x00000000d5580000,0x00000000d6a00000)
  from space 512K, 0% used [0x00000000d6c00000,0x00000000d6c00000,0x00000000d6c80000)
  to   space 512K, 0% used [0x00000000d6b80000,0x00000000d6b80000,0x00000000d6c00000)
 ParOldGen       total 68608K, used 27652K [0x0000000080000000, 0x0000000084300000, 0x00000000d5580000)
  object space 68608K, 40% used [0x0000000080000000,0x0000000081b010f8,0x0000000084300000)
 Metaspace       used 34948K, committed 35840K, reserved 1114112K
  class space    used 3550K, committed 3968K, reserved 1048576K
}
Event: 12.466 GC heap before
{Heap before GC invocations=21 (full 2):
 PSYoungGen      total 21504K, used 20821K [0x00000000d5580000, 0x00000000d6c80000, 0x0000000100000000)
  eden space 20992K, 99% used [0x00000000d5580000,0x00000000d69d56c8,0x00000000d6a00000)
  from space 512K, 0% used [0x00000000d6c00000,0x00000000d6c00000,0x00000000d6c80000)
  to   space 512K, 0% used [0x00000000d6b80000,0x00000000d6b80000,0x00000000d6c00000)
 ParOldGen       total 68608K, used 27652K [0x0000000080000000, 0x0000000084300000, 0x00000000d5580000)
  object space 68608K, 40% used [0x0000000080000000,0x0000000081b010f8,0x0000000084300000)
 Metaspace       used 36312K, committed 37248K, reserved 1114112K
  class space    used 3671K, committed 4096K, reserved 1048576K
}
Event: 12.468 GC heap after
{Heap after GC invocations=21 (full 2):
 PSYoungGen      total 21504K, used 508K [0x00000000d5580000, 0x00000000d6e00000, 0x0000000100000000)
  eden space 20992K, 0% used [0x00000000d5580000,0x00000000d5580000,0x00000000d6a00000)
  from space 512K, 99% used [0x00000000d6b80000,0x00000000d6bff208,0x00000000d6c00000)
  to   space 2048K, 0% used [0x00000000d6c00000,0x00000000d6c00000,0x00000000d6e00000)
 ParOldGen       total 68608K, used 28705K [0x0000000080000000, 0x0000000084300000, 0x00000000d5580000)
  object space 68608K, 41% used [0x0000000080000000,0x0000000081c084a0,0x0000000084300000)
 Metaspace       used 36312K, committed 37248K, reserved 1114112K
  class space    used 3671K, committed 4096K, reserved 1048576K
}
Event: 12.707 GC heap before
{Heap before GC invocations=22 (full 2):
 PSYoungGen      total 21504K, used 21449K [0x00000000d5580000, 0x00000000d6e00000, 0x0000000100000000)
  eden space 20992K, 99% used [0x00000000d5580000,0x00000000d69f35f0,0x00000000d6a00000)
  from space 512K, 99% used [0x00000000d6b80000,0x00000000d6bff208,0x00000000d6c00000)
  to   space 2048K, 0% used [0x00000000d6c00000,0x00000000d6c00000,0x00000000d6e00000)
 ParOldGen       total 68608K, used 28705K [0x0000000080000000, 0x0000000084300000, 0x00000000d5580000)
  object space 68608K, 41% used [0x0000000080000000,0x0000000081c084a0,0x0000000084300000)
 Metaspace       used 36331K, committed 37248K, reserved 1114112K
  class space    used 3671K, committed 4096K, reserved 1048576K
}
Event: 12.709 GC heap after
{Heap after GC invocations=22 (full 2):
 PSYoungGen      total 22016K, used 905K [0x00000000d5580000, 0x00000000d6d00000, 0x0000000100000000)
  eden space 20992K, 0% used [0x00000000d5580000,0x00000000d5580000,0x00000000d6a00000)
  from space 1024K, 88% used [0x00000000d6c00000,0x00000000d6ce2540,0x00000000d6d00000)
  to   space 1536K, 0% used [0x00000000d6a00000,0x00000000d6a00000,0x00000000d6b80000)
 ParOldGen       total 68608K, used 29221K [0x0000000080000000, 0x0000000084300000, 0x00000000d5580000)
  object space 68608K, 42% used [0x0000000080000000,0x0000000081c896a8,0x0000000084300000)
 Metaspace       used 36331K, committed 37248K, reserved 1114112K
  class space    used 3671K, committed 4096K, reserved 1048576K
}

