# JRE version: Java(TM) SE Runtime Environment (24.0.2+12) (build 24.0.2+12-54)
# Java VM: Java HotSpot(TM) 64-Bit Server VM (24.0.2+12-54, mixed mode, emulated-client, sharing, tiered, compressed oops, compressed class ptrs, g1 gc, windows-amd64)
GC Precious Log:
 CardTable entry size: 512
 Card Set container configuration: InlinePtr #cards 5 size 8 Array Of Cards #cards 10 size 36 Howl #buckets 4 coarsen threshold 1843 Howl Bitmap #cards 512 size 80 coarsen threshold 460 Card regions per heap region 1 cards per card region 2048
 CPUs: 2 total, 2 available
 Memory: 6060M
 Large Page Support: Disabled
 NUMA Support: Disabled
 Compressed Oops: Enabled (32-bit)
 Heap Region Size: 1M
 Heap Min Capacity: 8M
 Heap Initial Capacity: 96M
 Heap Max Capacity: 1516M
 Pre-touch: Disabled
 Parallel Workers: 2
 Concurrent Workers: 1
 Concurrent Refinement Workers: 2
 Periodic GC: Disabled
Heap:
 garbage-first heap   total reserved 1552384K, committed 99328K, used 49152K [0x00000000a1400000, 0x0000000100000000)
  region size 1024K, 3 young (3072K), 3 survivors (3072K)
 Metaspace       used 63700K, committed 64192K, reserved 1114112K
  class space    used 7590K, committed 7808K, reserved 1048576K
GC Heap History (20 events):
Event: 4.883 GC heap after
{Heap after GC invocations=8 (full 0):
 garbage-first heap   total reserved 1552384K, committed 58368K, used 22272K [0x00000000a1400000, 0x0000000100000000)
  region size 1024K, 2 young (2048K), 2 survivors (2048K)
 Metaspace       used 35705K, committed 36160K, reserved 1114112K
  class space    used 4064K, committed 4288K, reserved 1048576K
}
Event: 6.206 GC heap before
{Heap before GC invocations=9 (full 0):
 garbage-first heap   total reserved 1552384K, committed 58368K, used 45824K [0x00000000a1400000, 0x0000000100000000)
  region size 1024K, 26 young (26624K), 2 survivors (2048K)
 Metaspace       used 43090K, committed 43584K, reserved 1114112K
  class space    used 4801K, committed 4992K, reserved 1048576K
}
Event: 6.211 GC heap after
{Heap after GC invocations=10 (full 0):
 garbage-first heap   total reserved 1552384K, committed 58368K, used 24091K [0x00000000a1400000, 0x0000000100000000)
  region size 1024K, 3 young (3072K), 3 survivors (3072K)
 Metaspace       used 43090K, committed 43584K, reserved 1114112K
  class space    used 4801K, committed 4992K, reserved 1048576K
}
Event: 6.895 GC heap before
{Heap before GC invocations=10 (full 0):
 garbage-first heap   total reserved 1552384K, committed 58368K, used 47643K [0x00000000a1400000, 0x0000000100000000)
  region size 1024K, 27 young (27648K), 3 survivors (3072K)
 Metaspace       used 50401K, committed 50816K, reserved 1114112K
  class space    used 5555K, committed 5696K, reserved 1048576K
}
Event: 6.902 GC heap after
{Heap after GC invocations=11 (full 0):
 garbage-first heap   total reserved 1552384K, committed 58368K, used 25026K [0x00000000a1400000, 0x0000000100000000)
  region size 1024K, 4 young (4096K), 4 survivors (4096K)
 Metaspace       used 50401K, committed 50816K, reserved 1114112K
  class space    used 5555K, committed 5696K, reserved 1048576K
}
Event: 7.816 GC heap before
{Heap before GC invocations=11 (full 0):
 garbage-first heap   total reserved 1552384K, committed 58368K, used 47554K [0x00000000a1400000, 0x0000000100000000)
  region size 1024K, 27 young (27648K), 4 survivors (4096K)
 Metaspace       used 55940K, committed 56384K, reserved 1114112K
  class space    used 6286K, committed 6464K, reserved 1048576K
}
Event: 7.823 GC heap after
{Heap after GC invocations=12 (full 0):
 garbage-first heap   total reserved 1552384K, committed 70656K, used 26167K [0x00000000a1400000, 0x0000000100000000)
  region size 1024K, 3 young (3072K), 3 survivors (3072K)
 Metaspace       used 55940K, committed 56384K, reserved 1114112K
  class space    used 6286K, committed 6464K, reserved 1048576K
}
Event: 8.379 GC heap before
{Heap before GC invocations=12 (full 0):
 garbage-first heap   total reserved 1552384K, committed 70656K, used 48695K [0x00000000a1400000, 0x0000000100000000)
  region size 1024K, 26 young (26624K), 3 survivors (3072K)
 Metaspace       used 59871K, committed 60416K, reserved 1114112K
  class space    used 6708K, committed 6976K, reserved 1048576K
}
Event: 8.386 GC heap after
{Heap after GC invocations=13 (full 0):
 garbage-first heap   total reserved 1552384K, committed 70656K, used 27591K [0x00000000a1400000, 0x0000000100000000)
  region size 1024K, 4 young (4096K), 4 survivors (4096K)
 Metaspace       used 59871K, committed 60416K, reserved 1114112K
  class space    used 6708K, committed 6976K, reserved 1048576K
}
Event: 8.981 GC heap before
{Heap before GC invocations=14 (full 0):
 garbage-first heap   total reserved 1552384K, committed 70656K, used 61383K [0x00000000a1400000, 0x0000000100000000)
  region size 1024K, 37 young (37888K), 4 survivors (4096K)
 Metaspace       used 61900K, committed 62400K, reserved 1114112K
  class space    used 7202K, committed 7424K, reserved 1048576K
}
Event: 8.992 GC heap after
{Heap after GC invocations=15 (full 0):
 garbage-first heap   total reserved 1552384K, committed 70656K, used 31744K [0x00000000a1400000, 0x0000000100000000)
  region size 1024K, 5 young (5120K), 5 survivors (5120K)
 Metaspace       used 61900K, committed 62400K, reserved 1114112K
  class space    used 7202K, committed 7424K, reserved 1048576K
}
Event: 9.061 GC heap before
{Heap before GC invocations=15 (full 0):
 garbage-first heap   total reserved 1552384K, committed 70656K, used 61440K [0x00000000a1400000, 0x0000000100000000)
  region size 1024K, 34 young (34816K), 5 survivors (5120K)
 Metaspace       used 61903K, committed 62400K, reserved 1114112K
  class space    used 7202K, committed 7424K, reserved 1048576K
}
Event: 9.074 GC heap after
{Heap after GC invocations=16 (full 0):
 garbage-first heap   total reserved 1552384K, committed 72704K, used 36241K [0x00000000a1400000, 0x0000000100000000)
  region size 1024K, 5 young (5120K), 5 survivors (5120K)
 Metaspace       used 61903K, committed 62400K, reserved 1114112K
  class space    used 7202K, committed 7424K, reserved 1048576K
}
Event: 9.139 GC heap before
{Heap before GC invocations=16 (full 0):
 garbage-first heap   total reserved 1552384K, committed 72704K, used 61841K [0x00000000a1400000, 0x0000000100000000)
  region size 1024K, 30 young (30720K), 5 survivors (5120K)
 Metaspace       used 61904K, committed 62400K, reserved 1114112K
  class space    used 7202K, committed 7424K, reserved 1048576K
}
Event: 9.142 GC heap after
{Heap after GC invocations=17 (full 0):
 garbage-first heap   total reserved 1552384K, committed 72704K, used 34774K [0x00000000a1400000, 0x0000000100000000)
  region size 1024K, 1 young (1024K), 1 survivors (1024K)
 Metaspace       used 61904K, committed 62400K, reserved 1114112K
  class space    used 7202K, committed 7424K, reserved 1048576K
}
Event: 9.351 GC heap before
{Heap before GC invocations=17 (full 0):
 garbage-first heap   total reserved 1552384K, committed 72704K, used 63446K [0x00000000a1400000, 0x0000000100000000)
  region size 1024K, 29 young (29696K), 1 survivors (1024K)
 Metaspace       used 63696K, committed 64192K, reserved 1114112K
  class space    used 7590K, committed 7808K, reserved 1048576K
}
Event: 9.355 GC heap after
{Heap after GC invocations=18 (full 0):
 garbage-first heap   total reserved 1552384K, committed 72704K, used 35772K [0x00000000a1400000, 0x0000000100000000)
  region size 1024K, 2 young (2048K), 2 survivors (2048K)
 Metaspace       used 63696K, committed 64192K, reserved 1114112K
  class space    used 7590K, committed 7808K, reserved 1048576K
}
Event: 9.463 GC heap before
{Heap before GC invocations=19 (full 0):
 garbage-first heap   total reserved 1552384K, committed 72704K, used 64444K [0x00000000a1400000, 0x0000000100000000)
  region size 1024K, 30 young (30720K), 2 survivors (2048K)
 Metaspace       used 63696K, committed 64192K, reserved 1114112K
  class space    used 7590K, committed 7808K, reserved 1048576K
}
Event: 9.478 GC heap after
{Heap after GC invocations=20 (full 0):
 garbage-first heap   total reserved 1552384K, committed 76800K, used 46025K [0x00000000a1400000, 0x0000000100000000)
  region size 1024K, 4 young (4096K), 4 survivors (4096K)
 Metaspace       used 63696K, committed 64192K, reserved 1114112K
  class space    used 7590K, committed 7808K, reserved 1048576K
}
Event: 9.516 GC heap before
{Heap before GC invocations=20 (full 0):
 garbage-first heap   total reserved 1552384K, committed 76800K, used 65481K [0x00000000a1400000, 0x0000000100000000)
  region size 1024K, 23 young (23552K), 4 survivors (4096K)
 Metaspace       used 63700K, committed 64192K, reserved 1114112K
  class space    used 7590K, committed 7808K, reserved 1048576K
}

